\BOOKMARK [1][-]{section.1}{\376\377\000A\000b\000s\000t\000r\000a\000k\000\040\000E\000k\000s\000e\000k\000u\000t\000i\000f}{}% 1
\BOOKMARK [1][-]{section.2}{\376\377\000L\000a\000t\000a\000r\000\040\000B\000e\000l\000a\000k\000a\000n\000g\000\040\000\046\000\040\000P\000r\000o\000b\000l\000e\000m\000\040\000S\000t\000a\000t\000e\000m\000e\000n\000t}{}% 2
\BOOKMARK [2][-]{subsection.2.1}{\376\377\000F\000a\000k\000t\000a\000\040\000D\000e\000f\000o\000r\000e\000s\000t\000a\000s\000i\000\040\000d\000i\000\040\000I\000n\000d\000o\000n\000e\000s\000i\000a}{section.2}% 3
\BOOKMARK [2][-]{subsection.2.2}{\376\377\000M\000a\000s\000a\000l\000a\000h\000\040\000S\000i\000s\000t\000e\000m\000\040\000M\000o\000n\000i\000t\000o\000r\000i\000n\000g\000\040\000S\000a\000a\000t\000\040\000I\000n\000i}{section.2}% 4
\BOOKMARK [2][-]{subsection.2.3}{\376\377\000P\000e\000r\000t\000a\000n\000y\000a\000a\000n\000\040\000K\000u\000n\000c\000i}{section.2}% 5
\BOOKMARK [1][-]{section.3}{\376\377\000S\000o\000l\000u\000s\000i\000\040\000\046\000\040\000U\000n\000i\000q\000u\000e\000\040\000S\000e\000l\000l\000i\000n\000g\000\040\000P\000r\000o\000p\000o\000s\000i\000t\000i\000o\000n}{}% 6
\BOOKMARK [2][-]{subsection.3.1}{\376\377\000A\000p\000a\000\040\000I\000t\000u\000\040\000D\000e\000f\000o\000r\000e\000s\000t\000.\000i\000d\000?}{section.3}% 7
\BOOKMARK [2][-]{subsection.3.2}{\376\377\000U\000n\000i\000q\000u\000e\000\040\000S\000e\000l\000l\000i\000n\000g\000\040\000P\000r\000o\000p\000o\000s\000i\000t\000i\000o\000n\000\040\000\050\000U\000S\000P\000\051}{section.3}% 8
\BOOKMARK [1][-]{section.4}{\376\377\000A\000r\000s\000i\000t\000e\000k\000t\000u\000r\000\040\000S\000i\000s\000t\000e\000m}{}% 9
\BOOKMARK [2][-]{subsection.4.1}{\376\377\000H\000i\000g\000h\000-\000L\000e\000v\000e\000l\000\040\000A\000r\000c\000h\000i\000t\000e\000c\000t\000u\000r\000e}{section.4}% 10
\BOOKMARK [2][-]{subsection.4.2}{\376\377\000A\000l\000u\000r\000\040\000D\000a\000t\000a\000\040\000E\000n\000d\000-\000t\000o\000-\000E\000n\000d}{section.4}% 11
\BOOKMARK [1][-]{section.5}{\376\377\000T\000e\000c\000h\000\040\000S\000t\000a\000c\000k\000\040\000\046\000\040\000R\000e\000s\000o\000u\000r\000c\000e\000\040\000A\000l\000l\000o\000c\000a\000t\000i\000o\000n}{}% 12
\BOOKMARK [2][-]{subsection.5.1}{\376\377\000P\000e\000m\000i\000l\000i\000h\000a\000n\000\040\000T\000e\000k\000n\000o\000l\000o\000g\000i}{section.5}% 13
\BOOKMARK [2][-]{subsection.5.2}{\376\377\000R\000e\000s\000o\000u\000r\000c\000e\000\040\000A\000l\000l\000o\000c\000a\000t\000i\000o\000n\000\040\000d\000i\000\040\000P\000r\000o\000x\000m\000o\000x}{section.5}% 14
\BOOKMARK [2][-]{subsection.5.3}{\376\377\000S\000t\000r\000a\000t\000e\000g\000i\000\040\000A\000n\000t\000i\000-\000B\000o\000t\000t\000l\000e\000n\000e\000c\000k}{section.5}% 15
\BOOKMARK [1][-]{section.6}{\376\377\000D\000a\000t\000a\000b\000a\000s\000e\000\040\000S\000c\000h\000e\000m\000a}{}% 16
\BOOKMARK [2][-]{subsection.6.1}{\376\377\000E\000n\000t\000i\000t\000y\000\040\000R\000e\000l\000a\000t\000i\000o\000n\000s\000h\000i\000p\000\040\000D\000i\000a\000g\000r\000a\000m}{section.6}% 17
\BOOKMARK [2][-]{subsection.6.2}{\376\377\000D\000D\000L\000\040\000H\000i\000g\000h\000l\000i\000g\000h\000t\000s}{section.6}% 18
\BOOKMARK [2][-]{subsection.6.3}{\376\377\000Q\000u\000e\000r\000y\000\040\000C\000o\000n\000t\000o\000h\000\040\000u\000n\000t\000u\000k\000\040\000D\000a\000s\000h\000b\000o\000a\000r\000d}{section.6}% 19
\BOOKMARK [1][-]{section.7}{\376\377\000U\000s\000e\000r\000\040\000I\000n\000t\000e\000r\000f\000a\000c\000e\000\040\000\046\000\040\000U\000s\000e\000r\000\040\000E\000x\000p\000e\000r\000i\000e\000n\000c\000e}{}% 20
\BOOKMARK [2][-]{subsection.7.1}{\376\377\000D\000a\000s\000h\000b\000o\000a\000r\000d\000\040\000L\000a\000y\000o\000u\000t}{section.7}% 21
\BOOKMARK [2][-]{subsection.7.2}{\376\377\000W\000i\000r\000e\000f\000r\000a\000m\000e\000\040\000\050\000D\000e\000s\000k\000r\000i\000p\000s\000i\000\051}{section.7}% 22
\BOOKMARK [2][-]{subsection.7.3}{\376\377\000F\000o\000r\000m\000a\000t\000\040\000N\000o\000t\000i\000f\000i\000k\000a\000s\000i\000\040\000W\000h\000a\000t\000s\000A\000p\000p}{section.7}% 23
\BOOKMARK [1][-]{section.8}{\376\377\000R\000o\000a\000d\000m\000a\000p\000\040\000P\000e\000n\000g\000e\000m\000b\000a\000n\000g\000a\000n}{}% 24
\BOOKMARK [1][-]{section.9}{\376\377\000R\000i\000s\000k\000\040\000M\000a\000n\000a\000g\000e\000m\000e\000n\000t}{}% 25
\BOOKMARK [1][-]{section.10}{\376\377\000S\000u\000c\000c\000e\000s\000s\000\040\000M\000e\000t\000r\000i\000c\000s}{}% 26
\BOOKMARK [1][-]{section.11}{\376\377\000R\000e\000n\000c\000a\000n\000a\000\040\000\046\000\040\000S\000t\000r\000u\000k\000t\000u\000r\000\040\000T\000i\000m}{}% 27
\BOOKMARK [2][-]{subsection.11.1}{\376\377\000P\000e\000m\000b\000a\000g\000i\000a\000n\000\040\000P\000e\000r\000a\000n}{section.11}% 28
\BOOKMARK [1][-]{section.12}{\376\377\000P\000o\000t\000e\000n\000s\000i\000\040\000P\000e\000n\000g\000e\000m\000b\000a\000n\000g\000a\000n\000\040\000k\000e\000\040\000D\000e\000p\000a\000n}{}% 29
\BOOKMARK [1][-]{section.13}{\376\377\000P\000e\000n\000u\000t\000u\000p}{}% 30
